Attempting login for user: Anu
User Anu successfully authenticated.
Attempting login for user: 1234
User 1234 successfully authenticated.
Attempting login for user: 34
User 34 successfully authenticated.
Attempting login for user: 34
User 34 successfully authenticated.
Attempting login for user: 34
User 34 successfully authenticated.
Attempting login for user: 34
User 34 successfully authenticated.
Attempting login for user: 34
User 34 successfully authenticated.
Attempting login for user: 90
User 90 successfully authenticated.
Attempting login for user: 33
User 33 successfully authenticated.
Attempting login for user: 90
User 90 successfully authenticated.
Attempting login for user: 98
Failed login attempt for user: 98
Attempting login for user: 00
User 00 successfully authenticated.
Attempting login for user: qw
User qw successfully authenticated.
Attempting login for user: 33
User 33 successfully authenticated.
Attempting login for user: 44
User 44 successfully authenticated.
