[2023-08-11 18:23:48] [INFO] [store] - user successfully logged out.
[2023-08-11 18:24:17] [DEBUG] [store] - Attempting login for user: test Bhjn
[2023-08-11 18:24:17] [INFO] [store] - User test Bhjn successfully authenticated.
[2023-08-11 18:24:17] [INFO] [store] - User test Bhjn redirected to Homepage
[2023-08-11 18:28:49] [INFO] [store] - user successfully logged out.
[2023-08-11 18:28:52] [DEBUG] [store] - Attempting login for user: test Bhjn
[2023-08-11 18:28:52] [INFO] [store] - User test Bhjn successfully authenticated.
[2023-08-11 18:28:52] [INFO] [store] - User test Bhjn redirected to Homepage
[2023-08-11 18:30:17] [INFO] [store] - Order placed successfully.
[2023-08-11 18:30:24] [INFO] [store] - Orders viewed succesfully 
[2023-08-11 18:31:52] [INFO] [store] - Orders viewed succesfully 
[2023-08-11 18:31:54] [INFO] [store] - Orders viewed succesfully 
[2023-08-11 18:31:55] [INFO] [store] - Orders viewed succesfully 
[2023-08-11 18:31:55] [INFO] [store] - Orders viewed succesfully 
[2023-08-11 18:31:55] [INFO] [store] - Orders viewed succesfully 
[2023-08-11 18:31:56] [INFO] [store] - Orders viewed succesfully 
[2023-08-11 18:31:56] [INFO] [store] - Orders viewed succesfully 
[2023-08-11 18:31:56] [INFO] [store] - Orders viewed succesfully 
[2023-08-11 18:32:21] [INFO] [store] - Orders viewed succesfully 
[2023-08-11 18:32:22] [INFO] [store] - Orders viewed succesfully 
[2023-08-11 18:32:22] [INFO] [store] - Orders viewed succesfully 
[2023-08-11 18:32:22] [INFO] [store] - Orders viewed succesfully 
[2023-08-11 18:32:22] [INFO] [store] - Orders viewed succesfully 
[2023-08-11 18:32:22] [INFO] [store] - Orders viewed succesfully 
[2023-08-11 18:32:23] [INFO] [store] - Orders viewed succesfully 
[2023-08-11 18:32:23] [INFO] [store] - Orders viewed succesfully 
[2023-08-11 18:32:23] [INFO] [store] - Orders viewed succesfully 
[2023-08-11 18:32:51] [INFO] [store] - Orders viewed succesfully 
[2023-08-11 18:33:19] [INFO] [store] - Orders viewed succesfully 
[2023-08-11 18:33:23] [INFO] [store] - Orders viewed succesfully 
[2023-08-11 18:33:31] [INFO] [store] - Orders viewed succesfully 
[2023-08-11 18:33:37] [INFO] [store] - Orders viewed succesfully 
[2023-08-11 18:34:52] [INFO] [store] - Orders viewed succesfully 
[2023-08-11 18:35:03] [INFO] [store] - user successfully logged out.
[2023-08-11 18:36:01] [DEBUG] [store] - Attempting login for user: sree lekshmi
[2023-08-11 18:36:02] [INFO] [store] - User sree lekshmi successfully authenticated.
[2023-08-11 18:36:02] [INFO] [store] - User sree lekshmi redirected to Homepage
[2023-08-11 18:36:11] [INFO] [store] - Orders viewed succesfully 
[2023-08-11 18:37:10] [INFO] [store] - Order placed successfully.
[2023-08-11 18:37:41] [INFO] [store] - Orders viewed succesfully 
[2023-08-11 18:39:33] [INFO] [store] - user successfully logged out.
[2023-08-12 18:23:54] [DEBUG] [store] - Attempting login for user: Aswani Balan
[2023-08-12 18:23:54] [WARNING] [store] - Failed login attempt for user: Aswani Balan
[2023-08-12 18:24:14] [DEBUG] [store] - Attempting login for user: Aswani Balan
[2023-08-12 18:24:14] [INFO] [store] - User Aswani Balan successfully authenticated.
[2023-08-12 18:24:14] [INFO] [store] - User Aswani Balan redirected to Homepage
[2023-08-12 18:24:32] [INFO] [store] - user successfully logged out.
[2023-08-12 18:24:35] [DEBUG] [store] - Attempting login for user: Aswani Balan
[2023-08-12 18:24:35] [INFO] [store] - User Aswani Balan successfully authenticated.
[2023-08-12 18:24:35] [INFO] [store] - User Aswani Balan redirected to Homepage
[2023-08-12 18:24:36] [INFO] [store] - user successfully logged out.
[2023-08-12 18:25:10] [DEBUG] [store] - Attempting login for user: Aswani Balan
[2023-08-12 18:25:10] [INFO] [store] - User Aswani Balan successfully authenticated.
[2023-08-12 18:25:10] [INFO] [store] - User Aswani Balan redirected to Homepage
[2023-08-12 18:25:18] [INFO] [store] - user successfully logged out.
